unityLibrary/build/intermediates/manifest_merge_blame_file/debug/manifest-merger-blame-debug-report.txt
1<?xml version="1.0" encoding="utf-8"?>
2<!-- GENERATED BY UNITY. REMOVE THIS COMMENT TO PREVENT OVERWRITING WHEN EXPORTING AGAIN -->
3<manifest xmlns:android="http://schemas.android.com/apk/res/android"
4    xmlns:tools="http://schemas.android.com/tools"
5    package="com.unity3d.player"
6    android:versionCode="1"
7    android:versionName="0.1" >
8
9    <uses-sdk
10        android:minSdkVersion="19"
10-->src\main\AndroidManifest.xml
11        android:targetSdkVersion="29" />
11-->src\main\AndroidManifest.xml
12
13    <uses-feature android:glEsVersion="0x00030000" />
13-->src\main\AndroidManifest.xml:18:3-52
13-->src\main\AndroidManifest.xml:18:17-49
14
15    <uses-permission android:name="android.permission.INTERNET" />
15-->src\main\AndroidManifest.xml:19:3-65
15-->src\main\AndroidManifest.xml:19:20-62
16    <uses-permission android:name="android.permission.CHANGE_WIFI_MULTICAST_STATE" />
16-->src\main\AndroidManifest.xml:20:3-84
16-->src\main\AndroidManifest.xml:20:20-81
17    <uses-permission android:name="android.permission.CAMERA" />
17-->src\main\AndroidManifest.xml:21:3-63
17-->src\main\AndroidManifest.xml:21:20-60
18
19    <uses-feature
19-->src\main\AndroidManifest.xml:22:3-83
20        android:name="android.hardware.camera"
20-->src\main\AndroidManifest.xml:22:17-55
21        android:required="false" />
21-->src\main\AndroidManifest.xml:22:56-80
22    <uses-feature
22-->src\main\AndroidManifest.xml:23:3-93
23        android:name="android.hardware.camera.autofocus"
23-->src\main\AndroidManifest.xml:23:17-65
24        android:required="false" />
24-->src\main\AndroidManifest.xml:23:66-90
25    <uses-feature
25-->src\main\AndroidManifest.xml:24:3-89
26        android:name="android.hardware.camera.front"
26-->src\main\AndroidManifest.xml:24:17-61
27        android:required="false" />
27-->src\main\AndroidManifest.xml:24:62-86
28    <uses-feature
28-->src\main\AndroidManifest.xml:25:3-88
29        android:name="android.hardware.touchscreen"
29-->src\main\AndroidManifest.xml:25:17-60
30        android:required="false" />
30-->src\main\AndroidManifest.xml:25:61-85
31    <uses-feature
31-->src\main\AndroidManifest.xml:26:3-99
32        android:name="android.hardware.touchscreen.multitouch"
32-->src\main\AndroidManifest.xml:26:17-71
33        android:required="false" />
33-->src\main\AndroidManifest.xml:26:72-96
34    <uses-feature
34-->src\main\AndroidManifest.xml:27:3-108
35        android:name="android.hardware.touchscreen.multitouch.distinct"
35-->src\main\AndroidManifest.xml:27:17-80
36        android:required="false" />
36-->src\main\AndroidManifest.xml:27:81-105
37
38    <application>
38-->src\main\AndroidManifest.xml:4:3-17:17
39        <activity
39-->src\main\AndroidManifest.xml:5:5-12:16
40            android:name="com.unity3d.player.UnityPlayerActivity"
40-->src\main\AndroidManifest.xml:5:15-68
41            android:configChanges="mcc|mnc|locale|touchscreen|keyboard|keyboardHidden|navigation|orientation|screenLayout|uiMode|screenSize|smallestScreenSize|fontScale|layoutDirection|density"
41-->src\main\AndroidManifest.xml:5:182-363
42            android:hardwareAccelerated="false"
42-->src\main\AndroidManifest.xml:5:364-399
43            android:launchMode="singleTask"
43-->src\main\AndroidManifest.xml:5:150-181
44            android:screenOrientation="fullSensor"
44-->src\main\AndroidManifest.xml:5:111-149
45            android:theme="@style/UnityThemeSelector" >
45-->src\main\AndroidManifest.xml:5:69-110
46            <intent-filter>
46-->src\main\AndroidManifest.xml:6:7-9:23
47                <action android:name="android.intent.action.MAIN" />
47-->src\main\AndroidManifest.xml:7:9-61
47-->src\main\AndroidManifest.xml:7:17-58
48
49                <category android:name="android.intent.category.LAUNCHER" />
49-->src\main\AndroidManifest.xml:8:9-69
49-->src\main\AndroidManifest.xml:8:19-66
50            </intent-filter>
51
52            <meta-data
52-->src\main\AndroidManifest.xml:10:7-82
53                android:name="unityplayer.UnityActivity"
53-->src\main\AndroidManifest.xml:10:18-58
54                android:value="true" />
54-->src\main\AndroidManifest.xml:10:59-79
55            <meta-data
55-->src\main\AndroidManifest.xml:11:7-78
56                android:name="android.notch_support"
56-->src\main\AndroidManifest.xml:11:18-54
57                android:value="true" />
57-->src\main\AndroidManifest.xml:11:55-75
58        </activity>
59
60        <meta-data
60-->src\main\AndroidManifest.xml:13:5-69
61            android:name="unity.splash-mode"
61-->src\main\AndroidManifest.xml:13:16-48
62            android:value="0" />
62-->src\main\AndroidManifest.xml:13:49-66
63        <meta-data
63-->src\main\AndroidManifest.xml:14:5-75
64            android:name="unity.splash-enable"
64-->src\main\AndroidManifest.xml:14:16-50
65            android:value="False" />
65-->src\main\AndroidManifest.xml:14:51-72
66        <meta-data
66-->src\main\AndroidManifest.xml:15:5-81
67            android:name="notch.config"
67-->src\main\AndroidManifest.xml:15:16-43
68            android:value="portrait|landscape" />
68-->src\main\AndroidManifest.xml:15:44-78
69        <meta-data
69-->src\main\AndroidManifest.xml:16:5-101
70            android:name="unity.build-id"
70-->src\main\AndroidManifest.xml:16:16-45
71            android:value="4a82ca7e-e5a5-451a-874c-a977a5126fdc" />
71-->src\main\AndroidManifest.xml:16:46-98
72    </application>
73
74</manifest>